#-----------------------------------------------------------
# Vivado v2020.2 (64-bit)
# SW Build 3064766 on Wed Nov 18 09:12:45 MST 2020
# IP Build 3064653 on Wed Nov 18 14:17:31 MST 2020
# Start of session at: Mon Jul  5 20:31:00 2021
# Process ID: 29332
# Current directory: C:/Users/bjk_e/Desktop/proje11
# Command line: vivado.exe -gui_launcher_event rodinguilauncherevent23624 C:\Users\bjk_e\Desktop\proje11\proje11.xpr
# Log file: C:/Users/bjk_e/Desktop/proje11/vivado.log
# Journal file: C:/Users/bjk_e/Desktop/proje11\vivado.jou
#-----------------------------------------------------------
start_gui
open_project C:/Users/bjk_e/Desktop/proje11/proje11.xpr
Scanning sources...
Finished scanning sources
INFO: [IP_Flow 19-234] Refreshing IP repositories
INFO: [IP_Flow 19-1704] No user IP repositories specified
INFO: [IP_Flow 19-2313] Loaded Vivado IP repository 'D:/Xilinx/Vivado/2020.2/data/ip'.
open_project: Time (s): cpu = 00:00:35 ; elapsed = 00:00:22 . Memory (MB): peak = 1000.027 ; gain = 0.000
update_compile_order -fileset sources_1
exit
INFO: [Common 17-206] Exiting Vivado at Mon Jul  5 21:43:33 2021...
